什么是设计模式
  可以当成样板被参考的方式方法
  设计方面的模板，也就是设计方面的方式方法

设计模式的概念
  设计模式是：在软件开发中，经过验证的，用于解决在特定环境、重复出现的、特定问题的解决方案；

设计模式的理解
  1.设计模式是解决某些问题
  2.设计模式不是凭空想出来的，是经验的积累好总结
  3.设计模式并不是一成不变的，而是在不断的发展中
  4.设计模式并不是软件独有的，各行各业都有自己的设计模式


设计模式的组成
  1.设计模式的名称
  2.环境和问题
  3.解决方案
  4.效果

  java 设计模式 --> 《设计模式--可复用面向对象软件的基础》
  JEE设计模式 --> 《J2EE核心设计模式》
  EJB设计模式
  实时系统设计模式
  多线程设计模式
  架构模式

设计模式分类：
 23个设计分类
   1.创建型模式：抽象了对象实例化的过程，用来帮助创建对象实例
   2.结构型模式：描述如何组合类和对象已获得更大的结构
   3.行为模式：描述算法和对象间职责的分配

设计模式和面向对象设计原则：
   设计模式：是针是某个场景下某些问题的某个解决方案
   设计原则是思想上的指导
   设计模式是实现上的手段
   设计模式是设计原则的一些具体体现

为何不重点讲述面向对象设计原则
  1.设计原则本事是从思想层次上进行指导，本身是高度概括和原则性
  2.每一个设计模式并不是单一的体现某一个设计原则
  3.设计原则只是一个建议指导，实际上开发，很少做到完全遵循
  4.设计模式本身已经很复杂
  设计是一种危险的平衡艺术，设计原则只是一个指导，有些时候，还要综合考虑业务功能、实现的难度、系统的性能、时间和空间等很多方面的问题

设计模式和UML
  1.UML是一种标准的图形化建模语言，它是面向对象分析与设计的一种标准表示
  2.设计模式和UML本身没有任何联系
  3.可以使用UML来图形化表示设计模式：设计结构、调用顺序等，方便交流
  4.完全可以不使用UML，可以使用任何易于交流和表达方法来设计模式的设计结构、调用顺序等；


设计模式和设计工具
1.设计模式重在设计、重在思想、重在解决系统方案，跟使用寿命样的设计工具，没有任何关系
2.使用设计工具，能有效地帮助我们去表达应用设计出来的成果，并对这些效果进行管理和维护
3.完全可以不使用任何设计工具

设计模式和重构的关系
1.设计模式是重构的目标，重构是达到目标的手段
2.重构并不排斥前提设计，重构并不是不需要设计
3.合理的提前设计+重构来不断的改进设计 ===>趋近于优秀的系统

为什么要学习设计模式
1.软件开发越来越复杂，对软件的要求越来越高，而软件设计和架构的功夫就是深入理解和掌握设计模式，因此，设计模式的重要性就不言而喻。
2.设计模式已经成为软件开发人员的标准
3.学习设计模式是个人提高的捷径
4.不用重复做轮子

学习设计模式的层次
1.基本入门级：
   要求能够正确理解和掌握每个设计模式的基本知识，能够识别在什么场景下，出现了什么样的问题，采用何种方案解决它，并能够在实际的程序实际和开发中套用相应的设计模式
2.基本掌握级：
   事实上，实际开发中，经常碰到跟标准模式的应用场景有些不一样的情况，此时合理的使用设计模式，就需要对它们做适当的变形，而不是僵硬的套用。当然能变形的前提是要能准确深入的理解和把握设计模式的本质，万变不离其宗，只有把握本质，才能够正确变形使用而不会误用。

3.深入理解和掌握级
   除了具备基本掌握的要求，更主要是从思想上和方法上吸取设计模式的精髓，并融入到自己的思想里面去，子进行软件设计分析设计的时候，能随意的，自然而然的应用，就像自己的思维的一部分；


 如何学习设计模式
 1.首先要调整好心态，不要指望一蹴而就，不可浮躁
 2.学习设计模式的第一步：准确理解每个设计模式的功能，基本结构、标准实现、了解适合使用它的场景以及使用的效果；
 3.第二步：在实际开发中，尝试着使用这些设计模式，并反复思考和总结是否使用得当，是否需要做一些变化；
 4.第三步：再回头去看设计模式的伦理；
 5.第四步：多次重复第二步和第三步；也就是在实际开发中使用，然后结合理论思考，然后再应用，再思考；
